2023-04-09 23:28:16,232:INFO:PyCaret Supervised Module
2023-04-09 23:28:16,233:INFO:ML Usecase: classification
2023-04-09 23:28:16,233:INFO:version 2.3.10
2023-04-09 23:28:16,233:INFO:Initializing setup()
2023-04-09 23:28:16,233:INFO:setup(target=Y, ml_usecase=classification, available_plots={'parameter': 'Hyperparameters', 'auc': 'AUC', 'confusion_matrix': 'Confusion Matrix', 'threshold': 'Threshold', 'pr': 'Precision Recall', 'error': 'Prediction Error', 'class_report': 'Class Report', 'rfe': 'Feature Selection', 'learning': 'Learning Curve', 'manifold': 'Manifold Learning', 'calibration': 'Calibration Curve', 'vc': 'Validation Curve', 'dimension': 'Dimensions', 'feature': 'Feature Importance', 'feature_all': 'Feature Importance (All)', 'boundary': 'Decision Boundary', 'lift': 'Lift Chart', 'gain': 'Gain Chart', 'tree': 'Decision Tree', 'ks': 'KS Statistic Plot'}, train_size=0.7, test_data=None, preprocess=True, imputation_type=simple, iterative_imputation_iters=5, categorical_features=None, categorical_imputation=constant, categorical_iterative_imputer=lightgbm, ordinal_features=None, high_cardinality_features=None, high_cardinality_method=frequency, numeric_features=None, numeric_imputation=mean, numeric_iterative_imputer=lightgbm, date_features=None, ignore_features=None, normalize=False, normalize_method=zscore, transformation=False, transformation_method=yeo-johnson, handle_unknown_categorical=True, unknown_categorical_method=least_frequent, pca=False, pca_method=linear, pca_components=None, ignore_low_variance=False, combine_rare_levels=False, rare_level_threshold=0.1, bin_numeric_features=None, remove_outliers=False, outliers_threshold=0.05, remove_multicollinearity=False, multicollinearity_threshold=0.9, remove_perfect_collinearity=True, create_clusters=False, cluster_iter=20, polynomial_features=False, polynomial_degree=2, trigonometry_features=False, polynomial_threshold=0.1, group_features=None, group_names=None, feature_selection=False, feature_selection_threshold=0.8, feature_selection_method=classic, feature_interaction=False, feature_ratio=False, interaction_threshold=0.01, fix_imbalance=True, fix_imbalance_method=None, transform_target=False, transform_target_method=box-cox, data_split_shuffle=True, data_split_stratify=False, fold_strategy=stratifiedkfold, fold=10, fold_shuffle=False, fold_groups=None, n_jobs=-1, use_gpu=False, custom_pipeline=None, html=True, session_id=123, log_experiment=False, experiment_name=None, experiment_custom_tags=None, log_plots=False, log_profile=False, log_data=False, silent=False, verbose=True, profile=False, profile_kwargs=None, display=None)
2023-04-09 23:28:16,234:INFO:Checking environment
2023-04-09 23:28:16,234:INFO:python_version: 3.8.13
2023-04-09 23:28:16,234:INFO:python_build: ('default', 'Mar 28 2022 06:59:08')
2023-04-09 23:28:16,234:INFO:machine: AMD64
2023-04-09 23:28:16,234:INFO:platform: Windows-10-10.0.22621-SP0
2023-04-09 23:28:16,234:INFO:Memory: svmem(total=16497102848, available=5482139648, percent=66.8, used=11014963200, free=5482139648)
2023-04-09 23:28:16,235:INFO:Physical Core: 8
2023-04-09 23:28:16,235:INFO:Logical Core: 16
2023-04-09 23:28:16,235:INFO:Checking libraries
2023-04-09 23:28:16,235:INFO:pd==1.4.3
2023-04-09 23:28:16,235:INFO:numpy==1.19.5
2023-04-09 23:28:16,235:INFO:sklearn==0.23.2
2023-04-09 23:28:16,235:INFO:lightgbm==3.3.2
2023-04-09 23:28:16,236:WARNING:catboost not found
2023-04-09 23:28:18,481:INFO:xgboost==1.6.1
2023-04-09 23:28:18,481:INFO:mlflow==1.27.0
2023-04-09 23:28:18,481:INFO:Checking Exceptions
2023-04-09 23:28:18,482:INFO:Declaring global variables
2023-04-09 23:28:18,483:INFO:USI: 6f17
2023-04-09 23:28:18,483:INFO:pycaret_globals: {'master_model_container', '_all_models_internal', 'USI', 'seed', 'imputation_classifier', 'gpu_param', 'iterative_imputation_iters_param', 'n_jobs_param', 'prep_pipe', 'X', 'exp_name_log', '_ml_usecase', 'create_model_container', 'transform_target_method_param', '_all_models', 'fold_generator', 'pycaret_globals', 'data_before_preprocess', 'dashboard_logger', 'logging_param', '_gpu_n_jobs_param', '_available_plots', '_all_metrics', 'html_param', 'fold_groups_param_full', 'target_param', 'y', 'fold_param', 'y_test', 'fix_imbalance_method_param', 'transform_target_param', 'fix_imbalance_param', 'y_train', '_internal_pipeline', 'fold_groups_param', 'stratify_param', 'experiment__', 'display_container', 'log_plots_param', 'fold_shuffle_param', 'X_test', 'imputation_regressor', 'X_train'}
2023-04-09 23:28:18,483:INFO:Preparing display monitor
2023-04-09 23:28:18,483:INFO:Preparing display monitor
2023-04-09 23:28:18,499:INFO:Importing libraries
2023-04-09 23:28:18,500:INFO:Copying data for preprocessing
2023-04-09 23:28:18,532:INFO:Declaring preprocessing parameters
2023-04-09 23:28:18,577:INFO:Creating preprocessing pipeline
2023-04-09 23:28:19,562:INFO:Preprocessing pipeline created successfully
2023-04-09 23:28:19,563:ERROR:(Process Exit): setup has been interupted with user command 'quit'. setup must rerun.
2023-04-09 23:28:19,563:INFO:Creating global containers
2023-04-09 23:28:19,568:INFO:Internal pipeline: Pipeline(memory=None,
         steps=[('fix_imbalance',
                 SMOTE(k_neighbors=5, n_jobs=None, random_state=123,
                       sampling_strategy='auto'))],
         verbose=False)
2023-04-09 23:28:27,949:WARNING:Couldn't import catboost.CatBoostClassifier
2023-04-09 23:28:28,045:WARNING:Couldn't import catboost.CatBoostClassifier
2023-04-09 23:28:28,045:INFO:Creating grid variables
2023-04-09 23:28:28,076:INFO:create_model_container: 0
2023-04-09 23:28:28,076:INFO:master_model_container: 0
2023-04-09 23:28:28,076:INFO:display_container: 1
2023-04-09 23:28:28,084:INFO:Pipeline(memory=None,
         steps=[('dtypes',
                 DataTypes_Auto_infer(categorical_features=[],
                                      display_types=True, features_todrop=[],
                                      id_columns=[],
                                      ml_usecase='classification',
                                      numerical_features=[], target='Y',
                                      time_features=[])),
                ('imputer',
                 Simple_Imputer(categorical_strategy='not_available',
                                fill_value_categorical=None,
                                fill_value_numerical=None,
                                numeric_strategy='...
                ('scaling', 'passthrough'), ('P_transform', 'passthrough'),
                ('binn', 'passthrough'), ('rem_outliers', 'passthrough'),
                ('cluster_all', 'passthrough'), ('dummy', Dummify(target='Y')),
                ('fix_perfect', Remove_100(target='Y')),
                ('clean_names', Clean_Colum_Names()),
                ('feature_select', 'passthrough'), ('fix_multi', 'passthrough'),
                ('dfs', 'passthrough'), ('pca', 'passthrough')],
         verbose=False)
2023-04-09 23:28:28,084:INFO:setup() succesfully completed......................................
2023-04-09 23:28:42,117:INFO:Initializing create_model()
2023-04-09 23:28:42,118:INFO:create_model(estimator=knn, fold=15, round=4, cross_validation=True, predict=True, fit_kwargs=None, groups=None, refit=True, verbose=True, system=True, metrics=None, experiment_custom_tags=None, add_to_model_list=True, probability_threshold=None, display=None, return_train_score=False, kwargs={})
2023-04-09 23:28:42,118:INFO:Checking exceptions
2023-04-09 23:28:42,118:INFO:Preparing display monitor
2023-04-09 23:28:42,139:INFO:Importing libraries
2023-04-09 23:28:42,140:INFO:Copying training dataset
2023-04-09 23:28:42,146:INFO:Defining folds
2023-04-09 23:28:42,146:INFO:Declaring metric variables
2023-04-09 23:28:42,155:INFO:Importing untrained model
2023-04-09 23:28:42,167:INFO:K Neighbors Classifier Imported succesfully
2023-04-09 23:28:42,186:INFO:Starting cross validation
2023-04-09 23:28:42,186:INFO:Cross validating with StratifiedKFold(n_splits=15, random_state=None, shuffle=False), n_jobs=-1
2023-04-09 23:45:58,767:INFO:Calculating mean and std
2023-04-09 23:45:58,768:INFO:Creating metrics dataframe
2023-04-09 23:45:58,783:INFO:Finalizing model
2023-04-09 23:51:44,803:INFO:Uploading results into container
2023-04-09 23:51:44,803:INFO:Uploading model into container now
2023-04-09 23:51:44,815:INFO:create_model_container: 1
2023-04-09 23:51:44,817:INFO:master_model_container: 1
2023-04-09 23:51:44,817:INFO:display_container: 2
2023-04-09 23:51:44,817:INFO:KNeighborsClassifier(algorithm='auto', leaf_size=30, metric='minkowski',
                     metric_params=None, n_jobs=-1, n_neighbors=5, p=2,
                     weights='uniform')
2023-04-09 23:51:44,818:INFO:create_model() succesfully completed......................................
2023-04-09 23:51:45,000:INFO:Initializing create_model()
2023-04-09 23:51:45,001:INFO:create_model(estimator=et, fold=15, round=4, cross_validation=True, predict=True, fit_kwargs=None, groups=None, refit=True, verbose=True, system=True, metrics=None, experiment_custom_tags=None, add_to_model_list=True, probability_threshold=None, display=None, return_train_score=False, kwargs={})
2023-04-09 23:51:45,001:INFO:Checking exceptions
2023-04-09 23:51:45,001:INFO:Preparing display monitor
2023-04-09 23:51:45,020:INFO:Importing libraries
2023-04-09 23:51:45,020:INFO:Copying training dataset
2023-04-09 23:51:45,027:INFO:Defining folds
2023-04-09 23:51:45,028:INFO:Declaring metric variables
2023-04-09 23:51:45,034:INFO:Importing untrained model
2023-04-09 23:51:45,046:INFO:Extra Trees Classifier Imported succesfully
2023-04-09 23:51:45,066:INFO:Starting cross validation
2023-04-09 23:51:45,067:INFO:Cross validating with StratifiedKFold(n_splits=15, random_state=None, shuffle=False), n_jobs=-1
2023-04-10 00:08:54,476:INFO:Calculating mean and std
2023-04-10 00:08:54,560:INFO:Creating metrics dataframe
2023-04-10 00:08:54,690:INFO:Finalizing model
2023-04-10 00:14:48,955:INFO:Uploading results into container
2023-04-10 00:14:48,955:INFO:Uploading model into container now
2023-04-10 00:14:49,002:INFO:create_model_container: 2
2023-04-10 00:14:49,003:INFO:master_model_container: 2
2023-04-10 00:14:49,003:INFO:display_container: 3
2023-04-10 00:14:49,004:INFO:ExtraTreesClassifier(bootstrap=False, ccp_alpha=0.0, class_weight=None,
                     criterion='gini', max_depth=None, max_features='auto',
                     max_leaf_nodes=None, max_samples=None,
                     min_impurity_decrease=0.0, min_impurity_split=None,
                     min_samples_leaf=1, min_samples_split=2,
                     min_weight_fraction_leaf=0.0, n_estimators=100, n_jobs=-1,
                     oob_score=False, random_state=123, verbose=0,
                     warm_start=False)
2023-04-10 00:14:49,004:INFO:create_model() succesfully completed......................................
2023-04-10 00:14:49,494:INFO:Initializing create_model()
2023-04-10 00:14:49,496:INFO:create_model(estimator=xgboost, fold=15, round=4, cross_validation=True, predict=True, fit_kwargs=None, groups=None, refit=True, verbose=True, system=True, metrics=None, experiment_custom_tags=None, add_to_model_list=True, probability_threshold=None, display=None, return_train_score=False, kwargs={})
2023-04-10 00:14:49,496:INFO:Checking exceptions
2023-04-10 00:14:49,496:INFO:Preparing display monitor
2023-04-10 00:14:49,519:INFO:Importing libraries
2023-04-10 00:14:49,519:INFO:Copying training dataset
2023-04-10 00:14:49,620:INFO:Defining folds
2023-04-10 00:14:49,620:INFO:Declaring metric variables
2023-04-10 00:14:49,627:INFO:Importing untrained model
2023-04-10 00:14:49,636:INFO:Extreme Gradient Boosting Imported succesfully
2023-04-10 00:14:49,652:INFO:Starting cross validation
2023-04-10 00:14:49,654:INFO:Cross validating with StratifiedKFold(n_splits=15, random_state=None, shuffle=False), n_jobs=-1
2023-04-10 00:34:00,569:INFO:Calculating mean and std
2023-04-10 00:34:00,570:INFO:Creating metrics dataframe
2023-04-10 00:34:00,581:INFO:Finalizing model
2023-04-10 00:40:03,195:INFO:Uploading results into container
2023-04-10 00:40:03,195:INFO:Uploading model into container now
2023-04-10 00:40:03,209:INFO:create_model_container: 3
2023-04-10 00:40:03,209:INFO:master_model_container: 3
2023-04-10 00:40:03,209:INFO:display_container: 4
2023-04-10 00:40:03,212:INFO:XGBClassifier(base_score=0.5, booster='gbtree', callbacks=None,
              colsample_bylevel=1, colsample_bynode=1, colsample_bytree=1,
              early_stopping_rounds=None, enable_categorical=False,
              eval_metric=None, gamma=0, gpu_id=-1, grow_policy='depthwise',
              importance_type=None, interaction_constraints='',
              learning_rate=0.300000012, max_bin=256, max_cat_to_onehot=4,
              max_delta_step=0, max_depth=6, max_leaves=0, min_child_weight=1,
              missing=nan, monotone_constraints='()', n_estimators=100,
              n_jobs=-1, num_parallel_tree=1, objective='binary:logistic',
              predictor='auto', random_state=123, reg_alpha=0, ...)
2023-04-10 00:40:03,212:INFO:create_model() succesfully completed......................................
2023-04-10 00:40:03,451:INFO:Initializing create_model()
2023-04-10 00:40:03,451:INFO:create_model(estimator=rf, fold=15, round=4, cross_validation=True, predict=True, fit_kwargs=None, groups=None, refit=True, verbose=True, system=True, metrics=None, experiment_custom_tags=None, add_to_model_list=True, probability_threshold=None, display=None, return_train_score=False, kwargs={})
2023-04-10 00:40:03,451:INFO:Checking exceptions
2023-04-10 00:40:03,451:INFO:Preparing display monitor
2023-04-10 00:40:03,474:INFO:Importing libraries
2023-04-10 00:40:03,474:INFO:Copying training dataset
2023-04-10 00:40:03,482:INFO:Defining folds
2023-04-10 00:40:03,482:INFO:Declaring metric variables
2023-04-10 00:40:03,491:INFO:Importing untrained model
2023-04-10 00:40:03,503:INFO:Random Forest Classifier Imported succesfully
2023-04-10 00:40:03,524:INFO:Starting cross validation
2023-04-10 00:40:03,526:INFO:Cross validating with StratifiedKFold(n_splits=15, random_state=None, shuffle=False), n_jobs=-1
2023-04-10 00:58:47,312:INFO:Calculating mean and std
2023-04-10 00:58:47,353:INFO:Creating metrics dataframe
2023-04-10 00:58:47,434:INFO:Finalizing model
2023-04-10 01:04:59,384:INFO:Uploading results into container
2023-04-10 01:04:59,384:INFO:Uploading model into container now
2023-04-10 01:04:59,419:INFO:create_model_container: 4
2023-04-10 01:04:59,419:INFO:master_model_container: 4
2023-04-10 01:04:59,420:INFO:display_container: 5
2023-04-10 01:04:59,420:INFO:RandomForestClassifier(bootstrap=True, ccp_alpha=0.0, class_weight=None,
                       criterion='gini', max_depth=None, max_features='auto',
                       max_leaf_nodes=None, max_samples=None,
                       min_impurity_decrease=0.0, min_impurity_split=None,
                       min_samples_leaf=1, min_samples_split=2,
                       min_weight_fraction_leaf=0.0, n_estimators=100,
                       n_jobs=-1, oob_score=False, random_state=123, verbose=0,
                       warm_start=False)
2023-04-10 01:04:59,420:INFO:create_model() succesfully completed......................................
2023-04-10 01:04:59,714:INFO:Initializing create_model()
2023-04-10 01:04:59,714:INFO:create_model(estimator=lightgbm, fold=15, round=4, cross_validation=True, predict=True, fit_kwargs=None, groups=None, refit=True, verbose=True, system=True, metrics=None, experiment_custom_tags=None, add_to_model_list=True, probability_threshold=None, display=None, return_train_score=False, kwargs={})
2023-04-10 01:04:59,714:INFO:Checking exceptions
2023-04-10 01:04:59,717:INFO:Preparing display monitor
2023-04-10 01:04:59,738:INFO:Importing libraries
2023-04-10 01:04:59,739:INFO:Copying training dataset
2023-04-10 01:04:59,755:INFO:Defining folds
2023-04-10 01:04:59,756:INFO:Declaring metric variables
2023-04-10 01:04:59,767:INFO:Importing untrained model
2023-04-10 01:04:59,775:INFO:Light Gradient Boosting Machine Imported succesfully
2023-04-10 01:04:59,795:INFO:Starting cross validation
2023-04-10 01:04:59,797:INFO:Cross validating with StratifiedKFold(n_splits=15, random_state=None, shuffle=False), n_jobs=-1
2023-04-10 01:16:43,451:INFO:Calculating mean and std
2023-04-10 01:16:43,452:INFO:Creating metrics dataframe
2023-04-10 01:16:43,465:INFO:Finalizing model
2023-04-10 01:22:06,066:INFO:Uploading results into container
2023-04-10 01:22:06,066:INFO:Uploading model into container now
2023-04-10 01:22:06,084:INFO:create_model_container: 5
2023-04-10 01:22:06,084:INFO:master_model_container: 5
2023-04-10 01:22:06,084:INFO:display_container: 6
2023-04-10 01:22:06,085:INFO:LGBMClassifier(boosting_type='gbdt', class_weight=None, colsample_bytree=1.0,
               importance_type='split', learning_rate=0.1, max_depth=-1,
               min_child_samples=20, min_child_weight=0.001, min_split_gain=0.0,
               n_estimators=100, n_jobs=-1, num_leaves=31, objective=None,
               random_state=123, reg_alpha=0.0, reg_lambda=0.0, silent='warn',
               subsample=1.0, subsample_for_bin=200000, subsample_freq=0)
2023-04-10 01:22:06,085:INFO:create_model() succesfully completed......................................
2023-04-10 01:22:09,125:INFO:PyCaret Supervised Module
2023-04-10 01:22:09,125:INFO:ML Usecase: classification
2023-04-10 01:22:09,125:INFO:version 2.3.10
2023-04-10 01:22:09,126:INFO:Initializing setup()
2023-04-10 01:22:09,126:INFO:setup(target=Y, ml_usecase=classification, available_plots={'parameter': 'Hyperparameters', 'auc': 'AUC', 'confusion_matrix': 'Confusion Matrix', 'threshold': 'Threshold', 'pr': 'Precision Recall', 'error': 'Prediction Error', 'class_report': 'Class Report', 'rfe': 'Feature Selection', 'learning': 'Learning Curve', 'manifold': 'Manifold Learning', 'calibration': 'Calibration Curve', 'vc': 'Validation Curve', 'dimension': 'Dimensions', 'feature': 'Feature Importance', 'feature_all': 'Feature Importance (All)', 'boundary': 'Decision Boundary', 'lift': 'Lift Chart', 'gain': 'Gain Chart', 'tree': 'Decision Tree', 'ks': 'KS Statistic Plot'}, train_size=0.7, test_data=None, preprocess=True, imputation_type=simple, iterative_imputation_iters=5, categorical_features=None, categorical_imputation=constant, categorical_iterative_imputer=lightgbm, ordinal_features=None, high_cardinality_features=None, high_cardinality_method=frequency, numeric_features=None, numeric_imputation=mean, numeric_iterative_imputer=lightgbm, date_features=None, ignore_features=None, normalize=False, normalize_method=zscore, transformation=False, transformation_method=yeo-johnson, handle_unknown_categorical=True, unknown_categorical_method=least_frequent, pca=False, pca_method=linear, pca_components=None, ignore_low_variance=False, combine_rare_levels=False, rare_level_threshold=0.1, bin_numeric_features=None, remove_outliers=False, outliers_threshold=0.05, remove_multicollinearity=False, multicollinearity_threshold=0.9, remove_perfect_collinearity=True, create_clusters=False, cluster_iter=20, polynomial_features=False, polynomial_degree=2, trigonometry_features=False, polynomial_threshold=0.1, group_features=None, group_names=None, feature_selection=False, feature_selection_threshold=0.8, feature_selection_method=classic, feature_interaction=False, feature_ratio=False, interaction_threshold=0.01, fix_imbalance=True, fix_imbalance_method=None, transform_target=False, transform_target_method=box-cox, data_split_shuffle=True, data_split_stratify=False, fold_strategy=stratifiedkfold, fold=10, fold_shuffle=False, fold_groups=None, n_jobs=-1, use_gpu=False, custom_pipeline=None, html=True, session_id=None, log_experiment=False, experiment_name=None, experiment_custom_tags=None, log_plots=False, log_profile=False, log_data=False, silent=False, verbose=True, profile=False, profile_kwargs=None, display=None)
2023-04-10 01:22:09,126:INFO:Checking environment
2023-04-10 01:22:09,126:INFO:python_version: 3.8.13
2023-04-10 01:22:09,126:INFO:python_build: ('default', 'Mar 28 2022 06:59:08')
2023-04-10 01:22:09,126:INFO:machine: AMD64
2023-04-10 01:22:09,127:INFO:platform: Windows-10-10.0.22621-SP0
2023-04-10 01:22:09,127:INFO:Memory: svmem(total=16497102848, available=10896490496, percent=33.9, used=5600612352, free=10896490496)
2023-04-10 01:22:09,127:INFO:Physical Core: 8
2023-04-10 01:22:09,128:INFO:Logical Core: 16
2023-04-10 01:22:09,128:INFO:Checking libraries
2023-04-10 01:22:09,128:INFO:pd==1.4.3
2023-04-10 01:22:09,128:INFO:numpy==1.19.5
2023-04-10 01:22:09,128:INFO:sklearn==0.23.2
2023-04-10 01:22:09,128:INFO:lightgbm==3.3.2
2023-04-10 01:22:09,129:WARNING:catboost not found
2023-04-10 01:22:09,129:INFO:xgboost==1.6.1
2023-04-10 01:22:09,129:INFO:mlflow==1.27.0
2023-04-10 01:22:09,129:INFO:Checking Exceptions
2023-04-10 01:22:09,132:INFO:Declaring global variables
2023-04-10 01:22:09,132:INFO:USI: 0afc
2023-04-10 01:22:09,132:INFO:pycaret_globals: {'master_model_container', '_all_models_internal', 'USI', 'seed', 'imputation_classifier', 'gpu_param', 'iterative_imputation_iters_param', 'n_jobs_param', 'prep_pipe', 'X', 'exp_name_log', '_ml_usecase', 'create_model_container', 'transform_target_method_param', '_all_models', 'fold_generator', 'pycaret_globals', 'data_before_preprocess', 'dashboard_logger', 'logging_param', '_gpu_n_jobs_param', '_available_plots', '_all_metrics', 'html_param', 'fold_groups_param_full', 'target_param', 'y', 'fold_param', 'y_test', 'fix_imbalance_method_param', 'transform_target_param', 'fix_imbalance_param', 'y_train', '_internal_pipeline', 'fold_groups_param', 'stratify_param', 'experiment__', 'display_container', 'log_plots_param', 'fold_shuffle_param', 'X_test', 'imputation_regressor', 'X_train'}
2023-04-10 01:22:09,132:INFO:Preparing display monitor
2023-04-10 01:22:09,132:INFO:Preparing display monitor
2023-04-10 01:22:09,143:INFO:Importing libraries
2023-04-10 01:22:09,143:INFO:Copying data for preprocessing
2023-04-10 01:22:09,164:INFO:Declaring preprocessing parameters
2023-04-10 01:22:09,193:INFO:Creating preprocessing pipeline
2023-04-10 01:22:10,157:INFO:Preprocessing pipeline created successfully
2023-04-10 01:22:10,157:ERROR:(Process Exit): setup has been interupted with user command 'quit'. setup must rerun.
2023-04-10 01:22:10,157:INFO:Creating global containers
2023-04-10 01:22:10,161:INFO:Internal pipeline: Pipeline(memory=None,
         steps=[('fix_imbalance',
                 SMOTE(k_neighbors=5, n_jobs=None, random_state=3556,
                       sampling_strategy='auto'))],
         verbose=False)
2023-04-10 01:22:27,203:WARNING:Couldn't import catboost.CatBoostClassifier
2023-04-10 01:22:27,331:WARNING:Couldn't import catboost.CatBoostClassifier
2023-04-10 01:22:27,332:INFO:Creating grid variables
2023-04-10 01:22:27,363:INFO:create_model_container: 0
2023-04-10 01:22:27,363:INFO:master_model_container: 0
2023-04-10 01:22:27,363:INFO:display_container: 1
2023-04-10 01:22:27,369:INFO:Pipeline(memory=None,
         steps=[('dtypes',
                 DataTypes_Auto_infer(categorical_features=[],
                                      display_types=True, features_todrop=[],
                                      id_columns=[],
                                      ml_usecase='classification',
                                      numerical_features=[], target='Y',
                                      time_features=[])),
                ('imputer',
                 Simple_Imputer(categorical_strategy='not_available',
                                fill_value_categorical=None,
                                fill_value_numerical=None,
                                numeric_strategy='...
                ('scaling', 'passthrough'), ('P_transform', 'passthrough'),
                ('binn', 'passthrough'), ('rem_outliers', 'passthrough'),
                ('cluster_all', 'passthrough'), ('dummy', Dummify(target='Y')),
                ('fix_perfect', Remove_100(target='Y')),
                ('clean_names', Clean_Colum_Names()),
                ('feature_select', 'passthrough'), ('fix_multi', 'passthrough'),
                ('dfs', 'passthrough'), ('pca', 'passthrough')],
         verbose=False)
2023-04-10 01:22:27,369:INFO:setup() succesfully completed......................................
2023-04-10 01:22:27,566:INFO:Initializing create_model()
2023-04-10 01:22:27,566:INFO:create_model(estimator=knn, fold=15, round=4, cross_validation=True, predict=True, fit_kwargs=None, groups=None, refit=True, verbose=True, system=True, metrics=None, experiment_custom_tags=None, add_to_model_list=True, probability_threshold=None, display=None, return_train_score=False, kwargs={})
2023-04-10 01:22:27,566:INFO:Checking exceptions
2023-04-10 01:22:27,567:INFO:Preparing display monitor
2023-04-10 01:22:27,587:INFO:Importing libraries
2023-04-10 01:22:27,588:INFO:Copying training dataset
2023-04-10 01:22:27,594:INFO:Defining folds
2023-04-10 01:22:27,595:INFO:Declaring metric variables
2023-04-10 01:22:27,604:INFO:Importing untrained model
2023-04-10 01:22:27,613:INFO:K Neighbors Classifier Imported succesfully
2023-04-10 01:22:27,633:INFO:Starting cross validation
2023-04-10 01:22:27,635:INFO:Cross validating with StratifiedKFold(n_splits=15, random_state=None, shuffle=False), n_jobs=-1
2023-04-10 01:33:43,018:INFO:Calculating mean and std
2023-04-10 01:33:43,019:INFO:Creating metrics dataframe
2023-04-10 01:33:43,030:INFO:Finalizing model
2023-04-10 01:37:12,268:INFO:Uploading results into container
2023-04-10 01:37:12,268:INFO:Uploading model into container now
2023-04-10 01:37:12,280:INFO:create_model_container: 1
2023-04-10 01:37:12,281:INFO:master_model_container: 1
2023-04-10 01:37:12,281:INFO:display_container: 2
2023-04-10 01:37:12,282:INFO:KNeighborsClassifier(algorithm='auto', leaf_size=30, metric='minkowski',
                     metric_params=None, n_jobs=-1, n_neighbors=5, p=2,
                     weights='uniform')
2023-04-10 01:37:12,282:INFO:create_model() succesfully completed......................................
2023-04-10 01:37:12,457:INFO:Initializing create_model()
2023-04-10 01:37:12,457:INFO:create_model(estimator=et, fold=15, round=4, cross_validation=True, predict=True, fit_kwargs=None, groups=None, refit=True, verbose=True, system=True, metrics=None, experiment_custom_tags=None, add_to_model_list=True, probability_threshold=None, display=None, return_train_score=False, kwargs={})
2023-04-10 01:37:12,458:INFO:Checking exceptions
2023-04-10 01:37:12,458:INFO:Preparing display monitor
2023-04-10 01:37:12,479:INFO:Importing libraries
2023-04-10 01:37:12,479:INFO:Copying training dataset
2023-04-10 01:37:12,487:INFO:Defining folds
2023-04-10 01:37:12,487:INFO:Declaring metric variables
2023-04-10 01:37:12,498:INFO:Importing untrained model
2023-04-10 01:37:12,508:INFO:Extra Trees Classifier Imported succesfully
2023-04-10 01:37:12,529:INFO:Starting cross validation
2023-04-10 01:37:12,530:INFO:Cross validating with StratifiedKFold(n_splits=15, random_state=None, shuffle=False), n_jobs=-1
2023-04-10 01:55:00,925:INFO:Calculating mean and std
2023-04-10 01:55:01,023:INFO:Creating metrics dataframe
2023-04-10 01:55:01,164:INFO:Finalizing model
2023-04-10 01:58:46,440:INFO:Uploading results into container
2023-04-10 01:58:46,440:INFO:Uploading model into container now
2023-04-10 01:58:46,471:INFO:create_model_container: 2
2023-04-10 01:58:46,471:INFO:master_model_container: 2
2023-04-10 01:58:46,471:INFO:display_container: 3
2023-04-10 01:58:46,472:INFO:ExtraTreesClassifier(bootstrap=False, ccp_alpha=0.0, class_weight=None,
                     criterion='gini', max_depth=None, max_features='auto',
                     max_leaf_nodes=None, max_samples=None,
                     min_impurity_decrease=0.0, min_impurity_split=None,
                     min_samples_leaf=1, min_samples_split=2,
                     min_weight_fraction_leaf=0.0, n_estimators=100, n_jobs=-1,
                     oob_score=False, random_state=3556, verbose=0,
                     warm_start=False)
2023-04-10 01:58:46,472:INFO:create_model() succesfully completed......................................
2023-04-10 06:48:31,650:INFO:Initializing compare_models()
2023-04-10 06:48:31,650:INFO:compare_models(include=None, fold=15, round=4, cross_validation=True, sort=Accuracy, n_select=1, budget_time=None, turbo=True, errors=ignore, fit_kwargs=None, groups=None, experiment_custom_tags=None, probability_threshold=None, verbose=True, display=None, exclude=None)
2023-04-10 06:48:31,651:INFO:Checking exceptions
2023-04-10 06:48:31,658:INFO:Preparing display monitor
2023-04-10 06:48:31,658:INFO:Preparing display monitor
2023-04-10 06:48:31,690:INFO:Initializing Logistic Regression
2023-04-10 06:48:31,690:INFO:Total runtime is 0.0 minutes
2023-04-10 06:48:31,698:INFO:SubProcess create_model() called ==================================
2023-04-10 06:48:31,698:INFO:Initializing create_model()
2023-04-10 06:48:31,698:INFO:create_model(estimator=lr, fold=StratifiedKFold(n_splits=15, random_state=None, shuffle=False), round=4, cross_validation=True, predict=True, fit_kwargs={}, groups=None, refit=False, verbose=False, system=False, metrics=None, experiment_custom_tags=None, add_to_model_list=True, probability_threshold=None, display=<pycaret.internal.Display.Display object at 0x0000023D3165BD30>, return_train_score=False, kwargs={})
2023-04-10 06:48:31,700:INFO:Checking exceptions
2023-04-10 06:48:31,701:INFO:Importing libraries
2023-04-10 06:48:31,701:INFO:Copying training dataset
2023-04-10 06:48:31,845:INFO:Defining folds
2023-04-10 06:48:31,846:INFO:Declaring metric variables
2023-04-10 06:48:31,852:INFO:Importing untrained model
2023-04-10 06:48:31,860:INFO:Logistic Regression Imported succesfully
2023-04-10 06:48:31,877:INFO:Starting cross validation
2023-04-10 06:48:31,878:INFO:Cross validating with StratifiedKFold(n_splits=15, random_state=None, shuffle=False), n_jobs=-1
2023-04-10 06:56:15,286:INFO:Calculating mean and std
2023-04-10 06:56:15,286:INFO:Creating metrics dataframe
2023-04-10 06:56:15,291:INFO:Uploading results into container
2023-04-10 06:56:15,291:INFO:Uploading model into container now
2023-04-10 06:56:15,291:INFO:create_model_container: 3
2023-04-10 06:56:15,291:INFO:master_model_container: 3
2023-04-10 06:56:15,291:INFO:display_container: 4
2023-04-10 06:56:15,292:INFO:LogisticRegression(C=1.0, class_weight=None, dual=False, fit_intercept=True,
                   intercept_scaling=1, l1_ratio=None, max_iter=1000,
                   multi_class='auto', n_jobs=None, penalty='l2',
                   random_state=3556, solver='lbfgs', tol=0.0001, verbose=0,
                   warm_start=False)
2023-04-10 06:56:15,292:INFO:create_model() succesfully completed......................................
2023-04-10 06:56:15,410:INFO:SubProcess create_model() end ==================================
2023-04-10 06:56:15,410:INFO:Creating metrics dataframe
2023-04-10 06:56:15,425:INFO:Initializing K Neighbors Classifier
2023-04-10 06:56:15,426:INFO:Total runtime is 7.7289269924163815 minutes
2023-04-10 06:56:15,433:INFO:SubProcess create_model() called ==================================
2023-04-10 06:56:15,435:INFO:Initializing create_model()
2023-04-10 06:56:15,435:INFO:create_model(estimator=knn, fold=StratifiedKFold(n_splits=15, random_state=None, shuffle=False), round=4, cross_validation=True, predict=True, fit_kwargs={}, groups=None, refit=False, verbose=False, system=False, metrics=None, experiment_custom_tags=None, add_to_model_list=True, probability_threshold=None, display=<pycaret.internal.Display.Display object at 0x0000023D3165BD30>, return_train_score=False, kwargs={})
2023-04-10 06:56:15,435:INFO:Checking exceptions
2023-04-10 06:56:15,436:INFO:Importing libraries
2023-04-10 06:56:15,436:INFO:Copying training dataset
2023-04-10 06:56:15,441:INFO:Defining folds
2023-04-10 06:56:15,441:INFO:Declaring metric variables
2023-04-10 06:56:15,449:INFO:Importing untrained model
2023-04-10 06:56:15,459:INFO:K Neighbors Classifier Imported succesfully
2023-04-10 06:56:15,477:INFO:Starting cross validation
2023-04-10 06:56:15,478:INFO:Cross validating with StratifiedKFold(n_splits=15, random_state=None, shuffle=False), n_jobs=-1
2023-04-10 07:07:09,173:INFO:Calculating mean and std
2023-04-10 07:07:09,174:INFO:Creating metrics dataframe
2023-04-10 07:07:09,178:INFO:Uploading results into container
2023-04-10 07:07:09,178:INFO:Uploading model into container now
2023-04-10 07:07:09,178:INFO:create_model_container: 4
2023-04-10 07:07:09,178:INFO:master_model_container: 4
2023-04-10 07:07:09,179:INFO:display_container: 4
2023-04-10 07:07:09,179:INFO:KNeighborsClassifier(algorithm='auto', leaf_size=30, metric='minkowski',
                     metric_params=None, n_jobs=-1, n_neighbors=5, p=2,
                     weights='uniform')
2023-04-10 07:07:09,179:INFO:create_model() succesfully completed......................................
2023-04-10 07:07:09,292:INFO:SubProcess create_model() end ==================================
2023-04-10 07:07:09,292:INFO:Creating metrics dataframe
2023-04-10 07:07:09,305:INFO:Initializing Naive Bayes
2023-04-10 07:07:09,306:INFO:Total runtime is 18.626933280626933 minutes
2023-04-10 07:07:09,316:INFO:SubProcess create_model() called ==================================
2023-04-10 07:07:09,316:INFO:Initializing create_model()
2023-04-10 07:07:09,316:INFO:create_model(estimator=nb, fold=StratifiedKFold(n_splits=15, random_state=None, shuffle=False), round=4, cross_validation=True, predict=True, fit_kwargs={}, groups=None, refit=False, verbose=False, system=False, metrics=None, experiment_custom_tags=None, add_to_model_list=True, probability_threshold=None, display=<pycaret.internal.Display.Display object at 0x0000023D3165BD30>, return_train_score=False, kwargs={})
2023-04-10 07:07:09,316:INFO:Checking exceptions
2023-04-10 07:07:09,316:INFO:Importing libraries
2023-04-10 07:07:09,317:INFO:Copying training dataset
2023-04-10 07:07:09,324:INFO:Defining folds
2023-04-10 07:07:09,324:INFO:Declaring metric variables
2023-04-10 07:07:09,331:INFO:Importing untrained model
2023-04-10 07:07:09,340:INFO:Naive Bayes Imported succesfully
2023-04-10 07:07:09,358:INFO:Starting cross validation
2023-04-10 07:07:09,359:INFO:Cross validating with StratifiedKFold(n_splits=15, random_state=None, shuffle=False), n_jobs=-1
2023-04-10 07:14:14,443:INFO:Calculating mean and std
2023-04-10 07:14:14,444:INFO:Creating metrics dataframe
2023-04-10 07:14:14,450:INFO:Uploading results into container
2023-04-10 07:14:14,450:INFO:Uploading model into container now
2023-04-10 07:14:14,450:INFO:create_model_container: 5
2023-04-10 07:14:14,450:INFO:master_model_container: 5
2023-04-10 07:14:14,450:INFO:display_container: 4
2023-04-10 07:14:14,450:INFO:GaussianNB(priors=None, var_smoothing=1e-09)
2023-04-10 07:14:14,450:INFO:create_model() succesfully completed......................................
2023-04-10 07:14:14,561:INFO:SubProcess create_model() end ==================================
2023-04-10 07:14:14,561:INFO:Creating metrics dataframe
2023-04-10 07:14:14,580:INFO:Initializing Decision Tree Classifier
2023-04-10 07:14:14,581:INFO:Total runtime is 25.71485012769699 minutes
2023-04-10 07:14:14,591:INFO:SubProcess create_model() called ==================================
2023-04-10 07:14:14,592:INFO:Initializing create_model()
2023-04-10 07:14:14,592:INFO:create_model(estimator=dt, fold=StratifiedKFold(n_splits=15, random_state=None, shuffle=False), round=4, cross_validation=True, predict=True, fit_kwargs={}, groups=None, refit=False, verbose=False, system=False, metrics=None, experiment_custom_tags=None, add_to_model_list=True, probability_threshold=None, display=<pycaret.internal.Display.Display object at 0x0000023D3165BD30>, return_train_score=False, kwargs={})
2023-04-10 07:14:14,592:INFO:Checking exceptions
2023-04-10 07:14:14,593:INFO:Importing libraries
2023-04-10 07:14:14,593:INFO:Copying training dataset
2023-04-10 07:14:14,600:INFO:Defining folds
2023-04-10 07:14:14,600:INFO:Declaring metric variables
2023-04-10 07:14:14,609:INFO:Importing untrained model
2023-04-10 07:14:14,619:INFO:Decision Tree Classifier Imported succesfully
2023-04-10 07:14:14,640:INFO:Starting cross validation
2023-04-10 07:14:14,641:INFO:Cross validating with StratifiedKFold(n_splits=15, random_state=None, shuffle=False), n_jobs=-1
2023-04-10 07:21:50,166:INFO:Calculating mean and std
2023-04-10 07:21:50,167:INFO:Creating metrics dataframe
2023-04-10 07:21:50,171:INFO:Uploading results into container
2023-04-10 07:21:50,171:INFO:Uploading model into container now
2023-04-10 07:21:50,171:INFO:create_model_container: 6
2023-04-10 07:21:50,171:INFO:master_model_container: 6
2023-04-10 07:21:50,172:INFO:display_container: 4
2023-04-10 07:21:50,172:INFO:DecisionTreeClassifier(ccp_alpha=0.0, class_weight=None, criterion='gini',
                       max_depth=None, max_features=None, max_leaf_nodes=None,
                       min_impurity_decrease=0.0, min_impurity_split=None,
                       min_samples_leaf=1, min_samples_split=2,
                       min_weight_fraction_leaf=0.0, presort='deprecated',
                       random_state=3556, splitter='best')
2023-04-10 07:21:50,172:INFO:create_model() succesfully completed......................................
2023-04-10 07:21:50,280:INFO:SubProcess create_model() end ==================================
2023-04-10 07:21:50,280:INFO:Creating metrics dataframe
2023-04-10 07:21:50,295:INFO:Initializing SVM - Linear Kernel
2023-04-10 07:21:50,295:INFO:Total runtime is 33.31007505257924 minutes
2023-04-10 07:21:50,304:INFO:SubProcess create_model() called ==================================
2023-04-10 07:21:50,304:INFO:Initializing create_model()
2023-04-10 07:21:50,304:INFO:create_model(estimator=svm, fold=StratifiedKFold(n_splits=15, random_state=None, shuffle=False), round=4, cross_validation=True, predict=True, fit_kwargs={}, groups=None, refit=False, verbose=False, system=False, metrics=None, experiment_custom_tags=None, add_to_model_list=True, probability_threshold=None, display=<pycaret.internal.Display.Display object at 0x0000023D3165BD30>, return_train_score=False, kwargs={})
2023-04-10 07:21:50,304:INFO:Checking exceptions
2023-04-10 07:21:50,305:INFO:Importing libraries
2023-04-10 07:21:50,305:INFO:Copying training dataset
2023-04-10 07:21:50,311:INFO:Defining folds
2023-04-10 07:21:50,311:INFO:Declaring metric variables
2023-04-10 07:21:50,318:INFO:Importing untrained model
2023-04-10 07:21:50,328:INFO:SVM - Linear Kernel Imported succesfully
2023-04-10 07:21:50,348:INFO:Starting cross validation
2023-04-10 07:21:50,349:INFO:Cross validating with StratifiedKFold(n_splits=15, random_state=None, shuffle=False), n_jobs=-1
2023-04-10 07:28:54,298:INFO:Calculating mean and std
2023-04-10 07:28:54,300:INFO:Creating metrics dataframe
2023-04-10 07:28:54,304:INFO:Uploading results into container
2023-04-10 07:28:54,305:INFO:Uploading model into container now
2023-04-10 07:28:54,305:INFO:create_model_container: 7
2023-04-10 07:28:54,305:INFO:master_model_container: 7
2023-04-10 07:28:54,305:INFO:display_container: 4
2023-04-10 07:28:54,305:INFO:SGDClassifier(alpha=0.0001, average=False, class_weight=None,
              early_stopping=False, epsilon=0.1, eta0=0.001, fit_intercept=True,
              l1_ratio=0.15, learning_rate='optimal', loss='hinge',
              max_iter=1000, n_iter_no_change=5, n_jobs=-1, penalty='l2',
              power_t=0.5, random_state=3556, shuffle=True, tol=0.001,
              validation_fraction=0.1, verbose=0, warm_start=False)
2023-04-10 07:28:54,306:INFO:create_model() succesfully completed......................................
2023-04-10 07:28:54,413:INFO:SubProcess create_model() end ==================================
2023-04-10 07:28:54,414:INFO:Creating metrics dataframe
2023-04-10 07:28:54,426:INFO:Initializing Ridge Classifier
2023-04-10 07:28:54,427:INFO:Total runtime is 40.37893953323364 minutes
2023-04-10 07:28:54,436:INFO:SubProcess create_model() called ==================================
2023-04-10 07:28:54,437:INFO:Initializing create_model()
2023-04-10 07:28:54,438:INFO:create_model(estimator=ridge, fold=StratifiedKFold(n_splits=15, random_state=None, shuffle=False), round=4, cross_validation=True, predict=True, fit_kwargs={}, groups=None, refit=False, verbose=False, system=False, metrics=None, experiment_custom_tags=None, add_to_model_list=True, probability_threshold=None, display=<pycaret.internal.Display.Display object at 0x0000023D3165BD30>, return_train_score=False, kwargs={})
2023-04-10 07:28:54,438:INFO:Checking exceptions
2023-04-10 07:28:54,438:INFO:Importing libraries
2023-04-10 07:28:54,438:INFO:Copying training dataset
2023-04-10 07:28:54,442:INFO:Defining folds
2023-04-10 07:28:54,443:INFO:Declaring metric variables
2023-04-10 07:28:54,451:INFO:Importing untrained model
2023-04-10 07:28:54,460:INFO:Ridge Classifier Imported succesfully
2023-04-10 07:28:54,479:INFO:Starting cross validation
2023-04-10 07:28:54,480:INFO:Cross validating with StratifiedKFold(n_splits=15, random_state=None, shuffle=False), n_jobs=-1
2023-04-10 07:35:58,611:INFO:Calculating mean and std
2023-04-10 07:35:58,612:INFO:Creating metrics dataframe
2023-04-10 07:35:58,616:INFO:Uploading results into container
2023-04-10 07:35:58,616:INFO:Uploading model into container now
2023-04-10 07:35:58,617:INFO:create_model_container: 8
2023-04-10 07:35:58,617:INFO:master_model_container: 8
2023-04-10 07:35:58,617:INFO:display_container: 4
2023-04-10 07:35:58,618:INFO:RidgeClassifier(alpha=1.0, class_weight=None, copy_X=True, fit_intercept=True,
                max_iter=None, normalize=False, random_state=3556,
                solver='auto', tol=0.001)
2023-04-10 07:35:58,618:INFO:create_model() succesfully completed......................................
2023-04-10 07:35:58,725:INFO:SubProcess create_model() end ==================================
2023-04-10 07:35:58,725:INFO:Creating metrics dataframe
2023-04-10 07:35:58,748:INFO:Initializing Random Forest Classifier
2023-04-10 07:35:58,748:INFO:Total runtime is 47.45096978346507 minutes
2023-04-10 07:35:58,758:INFO:SubProcess create_model() called ==================================
2023-04-10 07:35:58,759:INFO:Initializing create_model()
2023-04-10 07:35:58,759:INFO:create_model(estimator=rf, fold=StratifiedKFold(n_splits=15, random_state=None, shuffle=False), round=4, cross_validation=True, predict=True, fit_kwargs={}, groups=None, refit=False, verbose=False, system=False, metrics=None, experiment_custom_tags=None, add_to_model_list=True, probability_threshold=None, display=<pycaret.internal.Display.Display object at 0x0000023D3165BD30>, return_train_score=False, kwargs={})
2023-04-10 07:35:58,759:INFO:Checking exceptions
2023-04-10 07:35:58,759:INFO:Importing libraries
2023-04-10 07:35:58,760:INFO:Copying training dataset
2023-04-10 07:35:58,766:INFO:Defining folds
2023-04-10 07:35:58,766:INFO:Declaring metric variables
2023-04-10 07:35:58,774:INFO:Importing untrained model
2023-04-10 07:35:58,783:INFO:Random Forest Classifier Imported succesfully
2023-04-10 07:35:58,802:INFO:Starting cross validation
2023-04-10 07:35:58,803:INFO:Cross validating with StratifiedKFold(n_splits=15, random_state=None, shuffle=False), n_jobs=-1
2023-04-10 07:49:49,705:INFO:Calculating mean and std
2023-04-10 07:49:49,713:INFO:Creating metrics dataframe
2023-04-10 07:49:49,749:INFO:Uploading results into container
2023-04-10 07:49:49,749:INFO:Uploading model into container now
2023-04-10 07:49:49,750:INFO:create_model_container: 9
2023-04-10 07:49:49,750:INFO:master_model_container: 9
2023-04-10 07:49:49,750:INFO:display_container: 4
2023-04-10 07:49:49,755:INFO:RandomForestClassifier(bootstrap=True, ccp_alpha=0.0, class_weight=None,
                       criterion='gini', max_depth=None, max_features='auto',
                       max_leaf_nodes=None, max_samples=None,
                       min_impurity_decrease=0.0, min_impurity_split=None,
                       min_samples_leaf=1, min_samples_split=2,
                       min_weight_fraction_leaf=0.0, n_estimators=100,
                       n_jobs=-1, oob_score=False, random_state=3556, verbose=0,
                       warm_start=False)
2023-04-10 07:49:49,756:INFO:create_model() succesfully completed......................................
2023-04-10 07:49:50,108:INFO:SubProcess create_model() end ==================================
2023-04-10 07:49:50,108:INFO:Creating metrics dataframe
2023-04-10 07:49:50,134:INFO:Initializing Quadratic Discriminant Analysis
2023-04-10 07:49:50,134:INFO:Total runtime is 61.307392009099324 minutes
2023-04-10 07:49:50,144:INFO:SubProcess create_model() called ==================================
2023-04-10 07:49:50,145:INFO:Initializing create_model()
2023-04-10 07:49:50,145:INFO:create_model(estimator=qda, fold=StratifiedKFold(n_splits=15, random_state=None, shuffle=False), round=4, cross_validation=True, predict=True, fit_kwargs={}, groups=None, refit=False, verbose=False, system=False, metrics=None, experiment_custom_tags=None, add_to_model_list=True, probability_threshold=None, display=<pycaret.internal.Display.Display object at 0x0000023D3165BD30>, return_train_score=False, kwargs={})
2023-04-10 07:49:50,146:INFO:Checking exceptions
2023-04-10 07:49:50,146:INFO:Importing libraries
2023-04-10 07:49:50,146:INFO:Copying training dataset
2023-04-10 07:49:50,152:INFO:Defining folds
2023-04-10 07:49:50,154:INFO:Declaring metric variables
2023-04-10 07:49:50,163:INFO:Importing untrained model
2023-04-10 07:49:50,171:INFO:Quadratic Discriminant Analysis Imported succesfully
2023-04-10 07:49:50,189:INFO:Starting cross validation
2023-04-10 07:49:50,190:INFO:Cross validating with StratifiedKFold(n_splits=15, random_state=None, shuffle=False), n_jobs=-1
2023-04-10 07:56:58,266:INFO:Calculating mean and std
2023-04-10 07:56:58,267:INFO:Creating metrics dataframe
2023-04-10 07:56:58,273:INFO:Uploading results into container
2023-04-10 07:56:58,273:INFO:Uploading model into container now
2023-04-10 07:56:58,274:INFO:create_model_container: 10
2023-04-10 07:56:58,274:INFO:master_model_container: 10
2023-04-10 07:56:58,274:INFO:display_container: 4
2023-04-10 07:56:58,274:INFO:QuadraticDiscriminantAnalysis(priors=None, reg_param=0.0,
                              store_covariance=False, tol=0.0001)
2023-04-10 07:56:58,274:INFO:create_model() succesfully completed......................................
2023-04-10 07:56:58,378:INFO:SubProcess create_model() end ==================================
2023-04-10 07:56:58,378:INFO:Creating metrics dataframe
2023-04-10 07:56:58,399:INFO:Initializing Ada Boost Classifier
2023-04-10 07:56:58,399:INFO:Total runtime is 68.44515096743902 minutes
2023-04-10 07:56:58,409:INFO:SubProcess create_model() called ==================================
2023-04-10 07:56:58,409:INFO:Initializing create_model()
2023-04-10 07:56:58,409:INFO:create_model(estimator=ada, fold=StratifiedKFold(n_splits=15, random_state=None, shuffle=False), round=4, cross_validation=True, predict=True, fit_kwargs={}, groups=None, refit=False, verbose=False, system=False, metrics=None, experiment_custom_tags=None, add_to_model_list=True, probability_threshold=None, display=<pycaret.internal.Display.Display object at 0x0000023D3165BD30>, return_train_score=False, kwargs={})
2023-04-10 07:56:58,410:INFO:Checking exceptions
2023-04-10 07:56:58,410:INFO:Importing libraries
2023-04-10 07:56:58,410:INFO:Copying training dataset
2023-04-10 07:56:58,415:INFO:Defining folds
2023-04-10 07:56:58,415:INFO:Declaring metric variables
2023-04-10 07:56:58,424:INFO:Importing untrained model
2023-04-10 07:56:58,432:INFO:Ada Boost Classifier Imported succesfully
2023-04-10 07:56:58,449:INFO:Starting cross validation
2023-04-10 07:56:58,451:INFO:Cross validating with StratifiedKFold(n_splits=15, random_state=None, shuffle=False), n_jobs=-1
2023-04-10 08:05:44,651:INFO:Calculating mean and std
2023-04-10 08:05:44,652:INFO:Creating metrics dataframe
2023-04-10 08:05:44,658:INFO:Uploading results into container
2023-04-10 08:05:44,658:INFO:Uploading model into container now
2023-04-10 08:05:44,658:INFO:create_model_container: 11
2023-04-10 08:05:44,658:INFO:master_model_container: 11
2023-04-10 08:05:44,658:INFO:display_container: 4
2023-04-10 08:05:44,658:INFO:AdaBoostClassifier(algorithm='SAMME.R', base_estimator=None, learning_rate=1.0,
                   n_estimators=50, random_state=3556)
2023-04-10 08:05:44,658:INFO:create_model() succesfully completed......................................
2023-04-10 08:05:44,769:INFO:SubProcess create_model() end ==================================
2023-04-10 08:05:44,769:INFO:Creating metrics dataframe
2023-04-10 08:05:44,795:INFO:Initializing Gradient Boosting Classifier
2023-04-10 08:05:44,795:INFO:Total runtime is 77.21841536362966 minutes
2023-04-10 08:05:44,806:INFO:SubProcess create_model() called ==================================
2023-04-10 08:05:44,806:INFO:Initializing create_model()
2023-04-10 08:05:44,806:INFO:create_model(estimator=gbc, fold=StratifiedKFold(n_splits=15, random_state=None, shuffle=False), round=4, cross_validation=True, predict=True, fit_kwargs={}, groups=None, refit=False, verbose=False, system=False, metrics=None, experiment_custom_tags=None, add_to_model_list=True, probability_threshold=None, display=<pycaret.internal.Display.Display object at 0x0000023D3165BD30>, return_train_score=False, kwargs={})
2023-04-10 08:05:44,808:INFO:Checking exceptions
2023-04-10 08:05:44,808:INFO:Importing libraries
2023-04-10 08:05:44,809:INFO:Copying training dataset
2023-04-10 08:05:44,813:INFO:Defining folds
2023-04-10 08:05:44,815:INFO:Declaring metric variables
2023-04-10 08:05:44,823:INFO:Importing untrained model
2023-04-10 08:05:44,833:INFO:Gradient Boosting Classifier Imported succesfully
2023-04-10 08:05:44,851:INFO:Starting cross validation
2023-04-10 08:05:44,853:INFO:Cross validating with StratifiedKFold(n_splits=15, random_state=None, shuffle=False), n_jobs=-1
2023-04-10 08:22:40,350:INFO:Calculating mean and std
2023-04-10 08:22:40,351:INFO:Creating metrics dataframe
2023-04-10 08:22:40,356:INFO:Uploading results into container
2023-04-10 08:22:40,356:INFO:Uploading model into container now
2023-04-10 08:22:40,356:INFO:create_model_container: 12
2023-04-10 08:22:40,356:INFO:master_model_container: 12
2023-04-10 08:22:40,356:INFO:display_container: 4
2023-04-10 08:22:40,358:INFO:GradientBoostingClassifier(ccp_alpha=0.0, criterion='friedman_mse', init=None,
                           learning_rate=0.1, loss='deviance', max_depth=3,
                           max_features=None, max_leaf_nodes=None,
                           min_impurity_decrease=0.0, min_impurity_split=None,
                           min_samples_leaf=1, min_samples_split=2,
                           min_weight_fraction_leaf=0.0, n_estimators=100,
                           n_iter_no_change=None, presort='deprecated',
                           random_state=3556, subsample=1.0, tol=0.0001,
                           validation_fraction=0.1, verbose=0,
                           warm_start=False)
2023-04-10 08:22:40,358:INFO:create_model() succesfully completed......................................
2023-04-10 08:22:40,461:INFO:SubProcess create_model() end ==================================
2023-04-10 08:22:40,462:INFO:Creating metrics dataframe
2023-04-10 08:22:40,477:INFO:Initializing Linear Discriminant Analysis
2023-04-10 08:22:40,477:INFO:Total runtime is 94.14645385742188 minutes
2023-04-10 08:22:40,488:INFO:SubProcess create_model() called ==================================
2023-04-10 08:22:40,488:INFO:Initializing create_model()
2023-04-10 08:22:40,488:INFO:create_model(estimator=lda, fold=StratifiedKFold(n_splits=15, random_state=None, shuffle=False), round=4, cross_validation=True, predict=True, fit_kwargs={}, groups=None, refit=False, verbose=False, system=False, metrics=None, experiment_custom_tags=None, add_to_model_list=True, probability_threshold=None, display=<pycaret.internal.Display.Display object at 0x0000023D3165BD30>, return_train_score=False, kwargs={})
2023-04-10 08:22:40,488:INFO:Checking exceptions
2023-04-10 08:22:40,488:INFO:Importing libraries
2023-04-10 08:22:40,488:INFO:Copying training dataset
2023-04-10 08:22:40,494:INFO:Defining folds
2023-04-10 08:22:40,494:INFO:Declaring metric variables
2023-04-10 08:22:40,502:INFO:Importing untrained model
2023-04-10 08:22:40,510:INFO:Linear Discriminant Analysis Imported succesfully
2023-04-10 08:22:40,529:INFO:Starting cross validation
2023-04-10 08:22:40,530:INFO:Cross validating with StratifiedKFold(n_splits=15, random_state=None, shuffle=False), n_jobs=-1
2023-04-10 08:29:45,071:INFO:Calculating mean and std
2023-04-10 08:29:45,072:INFO:Creating metrics dataframe
2023-04-10 08:29:45,079:INFO:Uploading results into container
2023-04-10 08:29:45,079:INFO:Uploading model into container now
2023-04-10 08:29:45,080:INFO:create_model_container: 13
2023-04-10 08:29:45,080:INFO:master_model_container: 13
2023-04-10 08:29:45,080:INFO:display_container: 4
2023-04-10 08:29:45,080:INFO:LinearDiscriminantAnalysis(n_components=None, priors=None, shrinkage=None,
                           solver='svd', store_covariance=False, tol=0.0001)
2023-04-10 08:29:45,080:INFO:create_model() succesfully completed......................................
2023-04-10 08:29:45,195:INFO:SubProcess create_model() end ==================================
2023-04-10 08:29:45,195:INFO:Creating metrics dataframe
2023-04-10 08:29:45,210:INFO:Initializing Extra Trees Classifier
2023-04-10 08:29:45,210:INFO:Total runtime is 101.22533686558405 minutes
2023-04-10 08:29:45,220:INFO:SubProcess create_model() called ==================================
2023-04-10 08:29:45,221:INFO:Initializing create_model()
2023-04-10 08:29:45,221:INFO:create_model(estimator=et, fold=StratifiedKFold(n_splits=15, random_state=None, shuffle=False), round=4, cross_validation=True, predict=True, fit_kwargs={}, groups=None, refit=False, verbose=False, system=False, metrics=None, experiment_custom_tags=None, add_to_model_list=True, probability_threshold=None, display=<pycaret.internal.Display.Display object at 0x0000023D3165BD30>, return_train_score=False, kwargs={})
2023-04-10 08:29:45,221:INFO:Checking exceptions
2023-04-10 08:29:45,221:INFO:Importing libraries
2023-04-10 08:29:45,221:INFO:Copying training dataset
2023-04-10 08:29:45,227:INFO:Defining folds
2023-04-10 08:29:45,227:INFO:Declaring metric variables
2023-04-10 08:29:45,235:INFO:Importing untrained model
2023-04-10 08:29:45,243:INFO:Extra Trees Classifier Imported succesfully
2023-04-10 08:29:45,260:INFO:Starting cross validation
2023-04-10 08:29:45,261:INFO:Cross validating with StratifiedKFold(n_splits=15, random_state=None, shuffle=False), n_jobs=-1
2023-04-10 08:46:14,780:INFO:Calculating mean and std
2023-04-10 08:46:14,865:INFO:Creating metrics dataframe
2023-04-10 08:46:14,995:INFO:Uploading results into container
2023-04-10 08:46:14,995:INFO:Uploading model into container now
2023-04-10 08:46:14,995:INFO:create_model_container: 14
2023-04-10 08:46:14,995:INFO:master_model_container: 14
2023-04-10 08:46:14,996:INFO:display_container: 4
2023-04-10 08:46:15,006:INFO:ExtraTreesClassifier(bootstrap=False, ccp_alpha=0.0, class_weight=None,
                     criterion='gini', max_depth=None, max_features='auto',
                     max_leaf_nodes=None, max_samples=None,
                     min_impurity_decrease=0.0, min_impurity_split=None,
                     min_samples_leaf=1, min_samples_split=2,
                     min_weight_fraction_leaf=0.0, n_estimators=100, n_jobs=-1,
                     oob_score=False, random_state=3556, verbose=0,
                     warm_start=False)
2023-04-10 08:46:15,006:INFO:create_model() succesfully completed......................................
2023-04-10 08:46:15,663:INFO:SubProcess create_model() end ==================================
2023-04-10 08:46:15,663:INFO:Creating metrics dataframe
2023-04-10 08:46:15,707:INFO:Initializing Extreme Gradient Boosting
2023-04-10 08:46:15,707:INFO:Total runtime is 117.73361859718958 minutes
2023-04-10 08:46:15,721:INFO:SubProcess create_model() called ==================================
2023-04-10 08:46:15,722:INFO:Initializing create_model()
2023-04-10 08:46:15,722:INFO:create_model(estimator=xgboost, fold=StratifiedKFold(n_splits=15, random_state=None, shuffle=False), round=4, cross_validation=True, predict=True, fit_kwargs={}, groups=None, refit=False, verbose=False, system=False, metrics=None, experiment_custom_tags=None, add_to_model_list=True, probability_threshold=None, display=<pycaret.internal.Display.Display object at 0x0000023D3165BD30>, return_train_score=False, kwargs={})
2023-04-10 08:46:15,723:INFO:Checking exceptions
2023-04-10 08:46:15,723:INFO:Importing libraries
2023-04-10 08:46:15,724:INFO:Copying training dataset
2023-04-10 08:46:15,859:INFO:Defining folds
2023-04-10 08:46:15,859:INFO:Declaring metric variables
2023-04-10 08:46:15,871:INFO:Importing untrained model
2023-04-10 08:46:15,887:INFO:Extreme Gradient Boosting Imported succesfully
2023-04-10 08:46:15,913:INFO:Starting cross validation
2023-04-10 08:46:15,916:INFO:Cross validating with StratifiedKFold(n_splits=15, random_state=None, shuffle=False), n_jobs=-1
2023-04-10 09:01:01,740:INFO:Calculating mean and std
2023-04-10 09:01:01,741:INFO:Creating metrics dataframe
2023-04-10 09:01:01,747:INFO:Uploading results into container
2023-04-10 09:01:01,747:INFO:Uploading model into container now
2023-04-10 09:01:01,747:INFO:create_model_container: 15
2023-04-10 09:01:01,747:INFO:master_model_container: 15
2023-04-10 09:01:01,747:INFO:display_container: 4
2023-04-10 09:01:01,750:INFO:XGBClassifier(base_score=None, booster='gbtree', callbacks=None,
              colsample_bylevel=None, colsample_bynode=None,
              colsample_bytree=None, early_stopping_rounds=None,
              enable_categorical=False, eval_metric=None, gamma=None,
              gpu_id=None, grow_policy=None, importance_type=None,
              interaction_constraints=None, learning_rate=None, max_bin=None,
              max_cat_to_onehot=None, max_delta_step=None, max_depth=None,
              max_leaves=None, min_child_weight=None, missing=nan,
              monotone_constraints=None, n_estimators=100, n_jobs=-1,
              num_parallel_tree=None, objective='binary:logistic',
              predictor=None, random_state=3556, reg_alpha=None, ...)
2023-04-10 09:01:01,751:INFO:create_model() succesfully completed......................................
2023-04-10 09:01:01,859:INFO:SubProcess create_model() end ==================================
2023-04-10 09:01:01,859:INFO:Creating metrics dataframe
2023-04-10 09:01:01,884:INFO:Initializing Light Gradient Boosting Machine
2023-04-10 09:01:01,884:INFO:Total runtime is 132.50322936773298 minutes
2023-04-10 09:01:01,892:INFO:SubProcess create_model() called ==================================
2023-04-10 09:01:01,893:INFO:Initializing create_model()
2023-04-10 09:01:01,893:INFO:create_model(estimator=lightgbm, fold=StratifiedKFold(n_splits=15, random_state=None, shuffle=False), round=4, cross_validation=True, predict=True, fit_kwargs={}, groups=None, refit=False, verbose=False, system=False, metrics=None, experiment_custom_tags=None, add_to_model_list=True, probability_threshold=None, display=<pycaret.internal.Display.Display object at 0x0000023D3165BD30>, return_train_score=False, kwargs={})
2023-04-10 09:01:01,894:INFO:Checking exceptions
2023-04-10 09:01:01,894:INFO:Importing libraries
2023-04-10 09:01:01,894:INFO:Copying training dataset
2023-04-10 09:01:01,901:INFO:Defining folds
2023-04-10 09:01:01,902:INFO:Declaring metric variables
2023-04-10 09:01:01,909:INFO:Importing untrained model
2023-04-10 09:01:01,918:INFO:Light Gradient Boosting Machine Imported succesfully
2023-04-10 09:01:01,937:INFO:Starting cross validation
2023-04-10 09:01:01,938:INFO:Cross validating with StratifiedKFold(n_splits=15, random_state=None, shuffle=False), n_jobs=-1
2023-04-10 09:08:10,340:INFO:Calculating mean and std
2023-04-10 09:08:10,341:INFO:Creating metrics dataframe
2023-04-10 09:08:10,346:INFO:Uploading results into container
2023-04-10 09:08:10,347:INFO:Uploading model into container now
2023-04-10 09:08:10,347:INFO:create_model_container: 16
2023-04-10 09:08:10,347:INFO:master_model_container: 16
2023-04-10 09:08:10,347:INFO:display_container: 4
2023-04-10 09:08:10,348:INFO:LGBMClassifier(boosting_type='gbdt', class_weight=None, colsample_bytree=1.0,
               importance_type='split', learning_rate=0.1, max_depth=-1,
               min_child_samples=20, min_child_weight=0.001, min_split_gain=0.0,
               n_estimators=100, n_jobs=-1, num_leaves=31, objective=None,
               random_state=3556, reg_alpha=0.0, reg_lambda=0.0, silent='warn',
               subsample=1.0, subsample_for_bin=200000, subsample_freq=0)
2023-04-10 09:08:10,348:INFO:create_model() succesfully completed......................................
2023-04-10 09:08:10,468:INFO:SubProcess create_model() end ==================================
2023-04-10 09:08:10,468:INFO:Creating metrics dataframe
2023-04-10 09:08:10,489:INFO:Initializing Dummy Classifier
2023-04-10 09:08:10,489:INFO:Total runtime is 139.64664995272952 minutes
2023-04-10 09:08:10,499:INFO:SubProcess create_model() called ==================================
2023-04-10 09:08:10,500:INFO:Initializing create_model()
2023-04-10 09:08:10,500:INFO:create_model(estimator=dummy, fold=StratifiedKFold(n_splits=15, random_state=None, shuffle=False), round=4, cross_validation=True, predict=True, fit_kwargs={}, groups=None, refit=False, verbose=False, system=False, metrics=None, experiment_custom_tags=None, add_to_model_list=True, probability_threshold=None, display=<pycaret.internal.Display.Display object at 0x0000023D3165BD30>, return_train_score=False, kwargs={})
2023-04-10 09:08:10,500:INFO:Checking exceptions
2023-04-10 09:08:10,502:INFO:Importing libraries
2023-04-10 09:08:10,502:INFO:Copying training dataset
2023-04-10 09:08:10,507:INFO:Defining folds
2023-04-10 09:08:10,507:INFO:Declaring metric variables
2023-04-10 09:08:10,516:INFO:Importing untrained model
2023-04-10 09:08:10,525:INFO:Dummy Classifier Imported succesfully
2023-04-10 09:08:10,546:INFO:Starting cross validation
2023-04-10 09:08:10,548:INFO:Cross validating with StratifiedKFold(n_splits=15, random_state=None, shuffle=False), n_jobs=-1
2023-04-10 09:15:16,731:INFO:Calculating mean and std
2023-04-10 09:15:16,732:INFO:Creating metrics dataframe
2023-04-10 09:15:16,738:INFO:Uploading results into container
2023-04-10 09:15:16,738:INFO:Uploading model into container now
2023-04-10 09:15:16,738:INFO:create_model_container: 17
2023-04-10 09:15:16,738:INFO:master_model_container: 17
2023-04-10 09:15:16,738:INFO:display_container: 4
2023-04-10 09:15:16,739:INFO:DummyClassifier(constant=None, random_state=3556, strategy='prior')
2023-04-10 09:15:16,739:INFO:create_model() succesfully completed......................................
2023-04-10 09:15:16,848:INFO:SubProcess create_model() end ==================================
2023-04-10 09:15:16,848:INFO:Creating metrics dataframe
2023-04-10 09:15:16,900:INFO:Initializing create_model()
2023-04-10 09:15:16,900:INFO:create_model(estimator=KNeighborsClassifier(algorithm='auto', leaf_size=30, metric='minkowski',
                     metric_params=None, n_jobs=-1, n_neighbors=5, p=2,
                     weights='uniform'), fold=StratifiedKFold(n_splits=15, random_state=None, shuffle=False), round=4, cross_validation=False, predict=False, fit_kwargs={}, groups=None, refit=True, verbose=False, system=False, metrics=None, experiment_custom_tags=None, add_to_model_list=True, probability_threshold=None, display=None, return_train_score=False, kwargs={})
2023-04-10 09:15:16,900:INFO:Checking exceptions
2023-04-10 09:15:16,900:INFO:Importing libraries
2023-04-10 09:15:16,900:INFO:Copying training dataset
2023-04-10 09:15:16,905:INFO:Defining folds
2023-04-10 09:15:16,906:INFO:Declaring metric variables
2023-04-10 09:15:16,906:INFO:Importing untrained model
2023-04-10 09:15:16,906:INFO:Declaring custom model
2023-04-10 09:15:16,906:INFO:K Neighbors Classifier Imported succesfully
2023-04-10 09:15:16,907:INFO:Cross validation set to False
2023-04-10 09:15:16,907:INFO:Fitting Model
2023-04-10 09:18:50,558:INFO:KNeighborsClassifier(algorithm='auto', leaf_size=30, metric='minkowski',
                     metric_params=None, n_jobs=-1, n_neighbors=5, p=2,
                     weights='uniform')
2023-04-10 09:18:50,558:INFO:create_models() succesfully completed......................................
2023-04-10 09:18:50,710:INFO:create_model_container: 17
2023-04-10 09:18:50,711:INFO:master_model_container: 17
2023-04-10 09:18:50,711:INFO:display_container: 4
2023-04-10 09:18:50,711:INFO:KNeighborsClassifier(algorithm='auto', leaf_size=30, metric='minkowski',
                     metric_params=None, n_jobs=-1, n_neighbors=5, p=2,
                     weights='uniform')
2023-04-10 09:18:50,711:INFO:compare_models() succesfully completed......................................
2023-04-10 09:18:50,897:INFO:Initializing tune_model()
2023-04-10 09:18:50,897:INFO:tune_model(estimator=KNeighborsClassifier(algorithm='auto', leaf_size=30, metric='minkowski',
                     metric_params=None, n_jobs=-1, n_neighbors=5, p=2,
                     weights='uniform'), fold=15, round=4, n_iter=10, custom_grid=None, optimize=Accuracy, custom_scorer=None, search_library=scikit-learn, search_algorithm=None, early_stopping=False, early_stopping_max_iters=10, choose_better=False, fit_kwargs=None, groups=None, return_tuner=False, verbose=True, tuner_verbose=True, display=None, return_train_score=False, kwargs={})
2023-04-10 09:18:50,897:INFO:Checking exceptions
2023-04-10 09:18:50,904:INFO:Preparing display monitor
2023-04-10 09:18:50,927:INFO:Copying training dataset
2023-04-10 09:18:50,933:INFO:Checking base model
2023-04-10 09:18:50,933:INFO:Base model : K Neighbors Classifier
2023-04-10 09:18:50,945:INFO:Declaring metric variables
2023-04-10 09:18:50,956:INFO:Defining Hyperparameters
2023-04-10 09:18:51,071:INFO:Tuning with n_jobs=-1
2023-04-10 09:18:51,071:INFO:Initializing RandomizedSearchCV
2023-04-10 11:03:38,445:INFO:best_params: {'actual_estimator__weights': 'distance', 'actual_estimator__n_neighbors': 1, 'actual_estimator__metric': 'euclidean'}
2023-04-10 11:03:38,446:INFO:Hyperparameter search completed
2023-04-10 11:03:38,447:INFO:SubProcess create_model() called ==================================
2023-04-10 11:03:38,448:INFO:Initializing create_model()
2023-04-10 11:03:38,448:INFO:create_model(estimator=KNeighborsClassifier(algorithm='auto', leaf_size=30, metric='minkowski',
                     metric_params=None, n_jobs=-1, n_neighbors=5, p=2,
                     weights='uniform'), fold=StratifiedKFold(n_splits=15, random_state=None, shuffle=False), round=4, cross_validation=True, predict=True, fit_kwargs={}, groups=None, refit=True, verbose=True, system=False, metrics=None, experiment_custom_tags=None, add_to_model_list=True, probability_threshold=None, display=<pycaret.internal.Display.Display object at 0x0000023D577A9D90>, return_train_score=False, kwargs={'weights': 'distance', 'n_neighbors': 1, 'metric': 'euclidean'})
2023-04-10 11:03:38,448:INFO:Checking exceptions
2023-04-10 11:03:38,448:INFO:Importing libraries
2023-04-10 11:03:38,448:INFO:Copying training dataset
2023-04-10 11:03:38,456:INFO:Defining folds
2023-04-10 11:03:38,456:INFO:Declaring metric variables
2023-04-10 11:03:38,466:INFO:Importing untrained model
2023-04-10 11:03:38,466:INFO:Declaring custom model
2023-04-10 11:03:38,479:INFO:K Neighbors Classifier Imported succesfully
2023-04-10 11:03:38,500:INFO:Starting cross validation
2023-04-10 11:03:38,501:INFO:Cross validating with StratifiedKFold(n_splits=15, random_state=None, shuffle=False), n_jobs=-1
2023-04-10 11:12:26,289:INFO:Calculating mean and std
2023-04-10 11:12:26,290:INFO:Creating metrics dataframe
2023-04-10 11:12:26,310:INFO:Finalizing model
2023-04-10 11:15:56,759:INFO:Uploading results into container
2023-04-10 11:15:56,760:INFO:Uploading model into container now
2023-04-10 11:15:56,760:INFO:create_model_container: 18
2023-04-10 11:15:56,760:INFO:master_model_container: 18
2023-04-10 11:15:56,760:INFO:display_container: 5
2023-04-10 11:15:56,761:INFO:KNeighborsClassifier(algorithm='auto', leaf_size=30, metric='euclidean',
                     metric_params=None, n_jobs=-1, n_neighbors=1, p=2,
                     weights='distance')
2023-04-10 11:15:56,761:INFO:create_model() succesfully completed......................................
2023-04-10 11:15:56,875:INFO:SubProcess create_model() end ==================================
2023-04-10 11:15:56,897:INFO:create_model_container: 18
2023-04-10 11:15:56,897:INFO:master_model_container: 18
2023-04-10 11:15:56,897:INFO:display_container: 5
2023-04-10 11:15:56,898:INFO:KNeighborsClassifier(algorithm='auto', leaf_size=30, metric='euclidean',
                     metric_params=None, n_jobs=-1, n_neighbors=1, p=2,
                     weights='distance')
2023-04-10 11:15:56,898:INFO:tune_model() succesfully completed......................................
